2023-08-12 00:14:45,875 [INFO] NvicIntPanel:101 - NVIC parent = com.st.microxplorer.plugins.ip.nvic.MultiNvicIntPanel[,0,0,0x0,invalid,layout=javax.swing.BoxLayout,alignmentX=0.0,alignmentY=0.0,border=,flags=9,maximumSize=,minimumSize=,preferredSize=]
2023-08-12 00:16:06,358 [INFO] UtilMem:75 - End SaveConfig() Used Memory: 380245648 Bytes (909115392)
2023-08-12 00:16:06,433 [INFO] UtilMem:75 - End SaveConfig() Used Memory: 413800080 Bytes (909115392)
2023-08-12 00:16:06,842 [INFO] UtilMem:75 - End SaveConfig() Used Memory: 489297552 Bytes (909115392)
2023-08-12 00:16:07,016 [INFO] BlockDiagram:2759 - set Specific Code input for plugin: SYS
2023-08-12 00:16:07,016 [INFO] BlockDiagram:2759 - set Specific Code input for plugin: RCC
2023-08-12 00:16:07,016 [INFO] BlockDiagram:2759 - set Specific Code input for plugin: NVIC
2023-08-12 00:16:07,016 [INFO] BlockDiagram:2759 - set Specific Code input for plugin: FMC
2023-08-12 00:16:07,017 [INFO] BlockDiagram:2759 - set Specific Code input for plugin: GPIO
2023-08-12 00:16:07,017 [INFO] CodeGenerator:799 - code generatio: config db path: C:\STM32\STM32CubeIDE\STM32CubeIDE\plugins\com.st.stm32cube.common.mx_6.9.1.202307191849\\db\
2023-08-12 00:16:07,106 [INFO] CodeEngine:255 - oldGeneratedFile, D:\__GitHub\nucleoF439\STM32CubeIDE\020_SDRAM_MT48LC16M16A2-75\MXTmpFiles\license.tmp_save
2023-08-12 00:16:07,169 [INFO] CodeEngine:279 - Generated code: D:\__GitHub\nucleoF439\STM32CubeIDE\020_SDRAM_MT48LC16M16A2-75\MXTmpFiles\license.tmp
2023-08-12 00:16:07,189 [INFO] CodeEngine:255 - oldGeneratedFile, D:\__GitHub\nucleoF439\STM32CubeIDE\020_SDRAM_MT48LC16M16A2-75\MXTmpFiles\gpio.tmp_save
2023-08-12 00:16:07,258 [INFO] CodeEngine:279 - Generated code: D:\__GitHub\nucleoF439\STM32CubeIDE\020_SDRAM_MT48LC16M16A2-75\MXTmpFiles\gpio.tmp
2023-08-12 00:16:07,308 [INFO] CodeEngine:255 - oldGeneratedFile, D:\__GitHub\nucleoF439\STM32CubeIDE\020_SDRAM_MT48LC16M16A2-75\MXTmpFiles\mx_fmc_HC.tmp_save
2023-08-12 00:16:07,394 [INFO] CodeEngine:279 - Generated code: D:\__GitHub\nucleoF439\STM32CubeIDE\020_SDRAM_MT48LC16M16A2-75\MXTmpFiles\mx_fmc_HC.tmp
2023-08-12 00:16:07,396 [INFO] CodeEngine:255 - oldGeneratedFile, D:\__GitHub\nucleoF439\STM32CubeIDE\020_SDRAM_MT48LC16M16A2-75\MXTmpFiles\mx_fmc_GV.tmp_save
2023-08-12 00:16:07,442 [INFO] CodeEngine:279 - Generated code: D:\__GitHub\nucleoF439\STM32CubeIDE\020_SDRAM_MT48LC16M16A2-75\MXTmpFiles\mx_fmc_GV.tmp
2023-08-12 00:16:07,443 [INFO] CodeEngine:255 - oldGeneratedFile, D:\__GitHub\nucleoF439\STM32CubeIDE\020_SDRAM_MT48LC16M16A2-75\MXTmpFiles\mx_fmc_MSP.tmp_save
2023-08-12 00:16:07,507 [INFO] CodeEngine:279 - Generated code: D:\__GitHub\nucleoF439\STM32CubeIDE\020_SDRAM_MT48LC16M16A2-75\MXTmpFiles\mx_fmc_MSP.tmp
2023-08-12 00:16:07,519 [INFO] CodeEngine:255 - oldGeneratedFile, D:\__GitHub\nucleoF439\STM32CubeIDE\020_SDRAM_MT48LC16M16A2-75\Core\Src\stm32f4xx_it.c_save
2023-08-12 00:16:07,653 [INFO] CodeEngine:279 - Generated code: D:\__GitHub\nucleoF439\STM32CubeIDE\020_SDRAM_MT48LC16M16A2-75\Core\Src\stm32f4xx_it.c
2023-08-12 00:16:07,655 [INFO] CodeEngine:255 - oldGeneratedFile, D:\__GitHub\nucleoF439\STM32CubeIDE\020_SDRAM_MT48LC16M16A2-75\Core\Inc\stm32f4xx_it.h_save
2023-08-12 00:16:07,702 [INFO] CodeEngine:279 - Generated code: D:\__GitHub\nucleoF439\STM32CubeIDE\020_SDRAM_MT48LC16M16A2-75\Core\Inc\stm32f4xx_it.h
2023-08-12 00:16:07,716 [INFO] CodeEngine:255 - oldGeneratedFile, D:\__GitHub\nucleoF439\STM32CubeIDE\020_SDRAM_MT48LC16M16A2-75\MXTmpFiles\mx_fmc_HC.tmp_save
2023-08-12 00:16:07,769 [INFO] CodeEngine:279 - Generated code: D:\__GitHub\nucleoF439\STM32CubeIDE\020_SDRAM_MT48LC16M16A2-75\MXTmpFiles\mx_fmc_HC.tmp
2023-08-12 00:16:07,771 [INFO] CodeEngine:255 - oldGeneratedFile, D:\__GitHub\nucleoF439\STM32CubeIDE\020_SDRAM_MT48LC16M16A2-75\MXTmpFiles\mx_fmc_GV.tmp_save
2023-08-12 00:16:07,816 [INFO] CodeEngine:279 - Generated code: D:\__GitHub\nucleoF439\STM32CubeIDE\020_SDRAM_MT48LC16M16A2-75\MXTmpFiles\mx_fmc_GV.tmp
2023-08-12 00:16:07,829 [INFO] CodeEngine:255 - oldGeneratedFile, D:\__GitHub\nucleoF439\STM32CubeIDE\020_SDRAM_MT48LC16M16A2-75\MXTmpFiles\mx_fmc_MSP.tmp_save
2023-08-12 00:16:07,883 [INFO] CodeEngine:279 - Generated code: D:\__GitHub\nucleoF439\STM32CubeIDE\020_SDRAM_MT48LC16M16A2-75\MXTmpFiles\mx_fmc_MSP.tmp
2023-08-12 00:16:07,894 [INFO] CodeEngine:255 - oldGeneratedFile, D:\__GitHub\nucleoF439\STM32CubeIDE\020_SDRAM_MT48LC16M16A2-75\Core\Src\stm32f4xx_hal_msp.c_save
2023-08-12 00:16:07,978 [INFO] CodeEngine:279 - Generated code: D:\__GitHub\nucleoF439\STM32CubeIDE\020_SDRAM_MT48LC16M16A2-75\Core\Src\stm32f4xx_hal_msp.c
2023-08-12 00:16:07,979 [INFO] CodeEngine:255 - oldGeneratedFile, D:\__GitHub\nucleoF439\STM32CubeIDE\020_SDRAM_MT48LC16M16A2-75\MXTmpFiles\system.tmp_save
2023-08-12 00:16:08,026 [INFO] CodeEngine:279 - Generated code: D:\__GitHub\nucleoF439\STM32CubeIDE\020_SDRAM_MT48LC16M16A2-75\MXTmpFiles\system.tmp
2023-08-12 00:16:08,035 [INFO] CodeEngine:311 - oldGeneratedFile, D:\__GitHub\nucleoF439\STM32CubeIDE\020_SDRAM_MT48LC16M16A2-75\Core\Inc\stm32f4xx_hal_conf.h_save
2023-08-12 00:16:08,112 [INFO] CodeEngine:335 - Generated code: D:\__GitHub\nucleoF439\STM32CubeIDE\020_SDRAM_MT48LC16M16A2-75\Core\Inc\stm32f4xx_hal_conf.h
2023-08-12 00:16:08,138 [INFO] CodeEngine:255 - oldGeneratedFile, D:\__GitHub\nucleoF439\STM32CubeIDE\020_SDRAM_MT48LC16M16A2-75\Core\Inc\main.h_save
2023-08-12 00:16:08,210 [INFO] CodeEngine:279 - Generated code: D:\__GitHub\nucleoF439\STM32CubeIDE\020_SDRAM_MT48LC16M16A2-75\Core\Inc\main.h
2023-08-12 00:16:08,219 [INFO] CodeEngine:255 - oldGeneratedFile, D:\__GitHub\nucleoF439\STM32CubeIDE\020_SDRAM_MT48LC16M16A2-75\Core\Src\main.c_save
2023-08-12 00:16:08,305 [INFO] CodeEngine:279 - Generated code: D:\__GitHub\nucleoF439\STM32CubeIDE\020_SDRAM_MT48LC16M16A2-75\Core\Src\main.c
2023-08-12 00:16:08,673 [INFO] ProjectBuilder:3064 - Time for Copy HAL[1] : 46mS.
2023-08-12 00:16:08,675 [INFO] ProjectBuilder:4404 - Project Generator version: 4.1.0
2023-08-12 00:16:08,853 [INFO] ConfigFileManager:1457 - The Die is : DIE419
2023-08-12 00:16:09,643 [INFO] ProjectBuilder:4626 - Time for Generating toolchain IDE Files: 968mS.
2023-08-12 00:16:09,643 [INFO] ProjectBuilder:2935 - Time for Copy CMSIS : 0mS.
2023-08-12 00:16:09,644 [INFO] ProjectBuilder:2935 - Time for Copy CMSIS : 0mS.
2023-08-12 07:22:20,239 [INFO] Activator:176 - 


2023-08-12 07:22:20,239 [INFO] Activator:177 - !SESSION log4j initialized
2023-08-12 07:22:24,326 [INFO] LogOutputStream:77 - [STDOUT_REDIRECT] 
2023-08-12 07:22:30,269 [INFO] ApplicationProperties:184 - Using Application install path: C:\STM32\STM32CubeIDE\STM32CubeIDE\plugins\com.st.stm32cube.common.mx_6.9.1.202307191849
2023-08-12 07:22:30,283 [INFO] DbMcusXml:78 - Set database path to: C:\STM32\STM32CubeIDE\STM32CubeIDE\plugins\com.st.stm32cube.common.mx_6.9.1.202307191849\\db\/mcu/
2023-08-12 07:22:30,283 [INFO] ApiDb:274 - Set plugin database path to: C:\STM32\STM32CubeIDE\STM32CubeIDE\plugins\com.st.stm32cube.common.mx_6.9.1.202307191849\\db\/plugins/boardmanager/
2023-08-12 07:22:30,284 [WARN] ApiDb:259 - Overriding images path with different value:  => C:\STM32\STM32CubeIDE\STM32CubeIDE\plugins\com.st.stm32cube.common.mx_6.9.1.202307191849\\db\/plugins/mcufinder/images/
2023-08-12 07:22:30,292 [INFO] ApiDb:250 - Set database path to: C:\Users\ZoMbiE\.stmcufinder\plugins\mcufinder//mcu/
2023-08-12 07:22:30,293 [INFO] DbMcusAds:125 - Set database path to: C:\Users\ZoMbiE\.stmcufinder\plugins\mcufinder//mcu/
2023-08-12 07:22:30,294 [INFO] CrossReferenceDbSqlite:203 - Set database path to: C:\Users\ZoMbiE\.stmcufinder\plugins\mcufinder//mcu/cs/
2023-08-12 07:22:30,380 [INFO] RulesReader:64 - Compatibility file has been processed (293 Rules)
2023-08-12 07:22:43,116 [INFO] DbMcusXml:78 - Set database path to: C:\STM32\STM32CubeIDE\STM32CubeIDE\plugins\com.st.stm32cube.common.mx_6.9.1.202307191849\\db\/mcu/
2023-08-12 07:22:43,116 [INFO] ApiDb:274 - Set plugin database path to: C:\STM32\STM32CubeIDE\STM32CubeIDE\plugins\com.st.stm32cube.common.mx_6.9.1.202307191849\\db\/plugins/boardmanager/
2023-08-12 07:22:43,116 [INFO] ApiDb:261 - Set plugin images path to: C:\STM32\STM32CubeIDE\STM32CubeIDE\plugins\com.st.stm32cube.common.mx_6.9.1.202307191849\\db\/plugins/mcufinder/images/
2023-08-12 07:22:43,117 [WARN] DbFile:41 - Overriding database path with different value: C:\Users\ZoMbiE\.stmcufinder\plugins\mcufinder/ => C:\Users\ZoMbiE\.stmcufinder\plugins\mcufinder
2023-08-12 07:22:43,117 [INFO] ApiDb:250 - Set database path to: C:\Users\ZoMbiE\.stmcufinder\plugins\mcufinder//mcu/
2023-08-12 07:22:43,117 [WARN] DbFile:41 - Overriding database path with different value: C:\Users\ZoMbiE\.stmcufinder\plugins\mcufinder/ => C:\Users\ZoMbiE\.stmcufinder\plugins\mcufinder
2023-08-12 07:22:43,117 [INFO] DbMcusAds:125 - Set database path to: C:\Users\ZoMbiE\.stmcufinder\plugins\mcufinder//mcu/
2023-08-12 07:22:43,117 [WARN] DbFile:41 - Overriding database path with different value: C:\Users\ZoMbiE\.stmcufinder\plugins\mcufinder/ => C:\Users\ZoMbiE\.stmcufinder\plugins\mcufinder
2023-08-12 07:22:43,117 [WARN] DbFile:41 - Overriding database path with different value: C:\Users\ZoMbiE\.stmcufinder\plugins\mcufinder/ => C:\Users\ZoMbiE\.stmcufinder\plugins\mcufinder
2023-08-12 07:22:43,142 [INFO] CrossReferenceDbSqlite:203 - Set database path to: C:\Users\ZoMbiE\.stmcufinder\plugins\mcufinder//mcu/cs/
2023-08-12 07:22:43,201 [INFO] MainPanel:262 - HeapMemory: 268435456
2023-08-12 07:22:43,269 [INFO] DbMcusXml:78 - Set database path to: C:\STM32\STM32CubeIDE\STM32CubeIDE\plugins\com.st.stm32cube.common.mx_6.9.1.202307191849\\db\/mcu/
2023-08-12 07:22:43,269 [INFO] ApiDb:274 - Set plugin database path to: C:\STM32\STM32CubeIDE\STM32CubeIDE\plugins\com.st.stm32cube.common.mx_6.9.1.202307191849\\db\/plugins/boardmanager/
2023-08-12 07:22:43,269 [INFO] ApiDb:261 - Set plugin images path to: C:\STM32\STM32CubeIDE\STM32CubeIDE\plugins\com.st.stm32cube.common.mx_6.9.1.202307191849\\db\/plugins/mcufinder/images/
2023-08-12 07:22:43,269 [WARN] DbFile:41 - Overriding database path with different value: C:\Users\ZoMbiE\.stmcufinder\plugins\mcufinder/ => C:\Users\ZoMbiE\.stmcufinder\plugins\mcufinder
2023-08-12 07:22:43,269 [INFO] ApiDb:250 - Set database path to: C:\Users\ZoMbiE\.stmcufinder\plugins\mcufinder//mcu/
2023-08-12 07:22:43,269 [WARN] DbFile:41 - Overriding database path with different value: C:\Users\ZoMbiE\.stmcufinder\plugins\mcufinder/ => C:\Users\ZoMbiE\.stmcufinder\plugins\mcufinder
2023-08-12 07:22:43,270 [INFO] DbMcusAds:125 - Set database path to: C:\Users\ZoMbiE\.stmcufinder\plugins\mcufinder//mcu/
2023-08-12 07:22:43,270 [WARN] DbFile:41 - Overriding database path with different value: C:\Users\ZoMbiE\.stmcufinder\plugins\mcufinder/ => C:\Users\ZoMbiE\.stmcufinder\plugins\mcufinder
2023-08-12 07:22:43,270 [WARN] DbFile:41 - Overriding database path with different value: C:\Users\ZoMbiE\.stmcufinder\plugins\mcufinder/ => C:\Users\ZoMbiE\.stmcufinder\plugins\mcufinder
2023-08-12 07:22:43,270 [INFO] CrossReferenceDbSqlite:203 - Set database path to: C:\Users\ZoMbiE\.stmcufinder\plugins\mcufinder//mcu/cs/
2023-08-12 07:22:43,284 [INFO] ApplicationProperties:184 - Using Application install path: C:\STM32\STM32CubeIDE\STM32CubeIDE\plugins\com.st.stm32cube.common.mx_6.9.1.202307191849
2023-08-12 07:22:43,285 [INFO] PluginManage:196 - Search for loadable plugins [exclusion list=, ]
2023-08-12 07:22:43,286 [INFO] PluginManage:310 - Check plugin analytics
2023-08-12 07:22:48,385 [INFO] AnalyticsPlugin:253 - Accepted Software Licenses: STM32CubeMX.6.9.0,STM32CubeMX.6.9.1
2023-08-12 07:22:48,385 [INFO] AnalyticsPlugin:255 - Accepted CMSIS Pack Licenses: 
2023-08-12 07:22:48,385 [INFO] AnalyticsPlugin:257 - Accepted Firmware Licenses: FW.G0.1.6.0,FW.H5.1.1.0,FW.MP1.1.6.0,FW.C0.1.1.0,FW.L4.1.18.0,FW.L5.1.5.0,FW.U5.1.3.0,FW.WB.1.17.0,FW.WBA.1.1.0,FW.WL.1.3.0
2023-08-12 07:22:48,387 [INFO] PluginManage:359 - Loaded plugin analytics (category:tool,tabindex:-1)
2023-08-12 07:22:48,388 [INFO] PluginManage:310 - Check plugin cadmodel
2023-08-12 07:22:48,410 [INFO] CADModel:105 - Init CAD model plugin
2023-08-12 07:22:48,410 [INFO] PluginManage:359 - Loaded plugin cadmodel (category:power,tabindex:5)
2023-08-12 07:22:48,411 [INFO] PluginManage:310 - Check plugin clock
2023-08-12 07:22:48,418 [INFO] PluginManage:359 - Loaded plugin clock (category:base,tabindex:2)
2023-08-12 07:22:48,418 [INFO] PluginManage:310 - Check plugin ddr
2023-08-12 07:22:48,420 [INFO] PluginManage:359 - Loaded plugin ddr (category:tool,tabindex:6)
2023-08-12 07:22:48,420 [INFO] PluginManage:310 - Check plugin filemanager
2023-08-12 07:22:48,516 [INFO] PluginManage:359 - Loaded plugin filemanager (category:base,tabindex:10)
2023-08-12 07:22:48,516 [INFO] PluginManage:310 - Check plugin ipmanager
2023-08-12 07:22:48,521 [INFO] PluginManage:359 - Loaded plugin ipmanager (category:base,tabindex:5)
2023-08-12 07:22:48,521 [INFO] PluginManage:310 - Check plugin lpbam
2023-08-12 07:22:48,528 [INFO] PluginManage:359 - Loaded plugin lpbam (category:base,tabindex:0)
2023-08-12 07:22:48,528 [INFO] PluginManage:310 - Check plugin memorymap
2023-08-12 07:22:48,537 [INFO] PluginManage:359 - Loaded plugin memorymap (category:base,tabindex:4)
2023-08-12 07:22:48,537 [INFO] PluginManage:310 - Check plugin pinoutandconfiguration
2023-08-12 07:22:48,543 [INFO] PluginManage:359 - Loaded plugin pinoutandconfiguration (category:base,tabindex:1)
2023-08-12 07:22:48,543 [INFO] PluginManage:310 - Check plugin pinoutconfig
2023-08-12 07:22:48,606 [WARN] SupportedApi:132 - Cannot load RTOS API schema: s4s-elt-must-match.1: The content of 'definitions' must match (annotation?, (simpleType | complexType)?, (unique | key | keyref)*)). A problem was found starting at: attribute.
2023-08-12 07:22:48,703 [INFO] PluginManage:359 - Loaded plugin pinoutconfig (category:base,tabindex:0)
2023-08-12 07:22:48,703 [INFO] PluginManage:310 - Check plugin power
2023-08-12 07:22:48,712 [INFO] PluginManage:359 - Loaded plugin power (category:power,tabindex:4)
2023-08-12 07:22:48,712 [INFO] PluginManage:310 - Check plugin projectmanager
2023-08-12 07:22:48,722 [INFO] PluginManage:359 - Loaded plugin projectmanager (category:projectmanager,tabindex:3)
2023-08-12 07:22:48,722 [INFO] PluginManage:310 - Check plugin thirdparty
2023-08-12 07:22:48,812 [INFO] PluginManage:359 - Loaded plugin thirdparty (category:base,tabindex:-1)
2023-08-12 07:22:48,812 [INFO] PluginManage:310 - Check plugin tools
2023-08-12 07:22:48,812 [WARN] IntegrityCheckThread:84 - waiting for thirdparty lock release [integrity check]
2023-08-12 07:22:48,812 [INFO] IntegrityCheckThread:86 - entering critical section [integrity check]
2023-08-12 07:22:48,812 [INFO] ThirdPartyUpdaterWithRetryManager:70 - Updater plugin not ready yet. [1/15]
2023-08-12 07:22:48,814 [INFO] PluginManage:359 - Loaded plugin tools (category:base,tabindex:7)
2023-08-12 07:22:48,814 [INFO] PluginManage:310 - Check plugin tutovideos
2023-08-12 07:22:48,942 [INFO] PluginManage:359 - Loaded plugin tutovideos (category:base,tabindex:-1)
2023-08-12 07:22:48,942 [INFO] PluginManage:310 - Check plugin updater
2023-08-12 07:22:48,951 [INFO] PluginManage:359 - Loaded plugin updater (category:base,tabindex:12)
2023-08-12 07:22:48,951 [INFO] PluginManage:310 - Check plugin userauth
2023-08-12 07:22:48,955 [INFO] UserAuth:113 - Init User Auth plugin
2023-08-12 07:22:48,955 [INFO] PluginManage:359 - Loaded plugin userauth (category:base,tabindex:14)
2023-08-12 07:22:48,955 [INFO] PluginManage:283 - PluginManage : Loaded plugins [17]
2023-08-12 07:22:49,114 [INFO] PinOutPanel:1499 - setPackage(No Configuration,No Configuration)
2023-08-12 07:22:49,190 [INFO] CADModel:165 - CPN selected for project level
2023-08-12 07:22:49,191 [INFO] CADModel:114 - Register for checkConnection events
2023-08-12 07:22:49,206 [INFO] IPUIPlugin:80 - create IPUIPlugin
2023-08-12 07:22:49,206 [INFO] PluginManager:220 - loadIPPluginJar : add adc
2023-08-12 07:22:49,209 [INFO] IPUIPlugin:80 - create IPUIPlugin
2023-08-12 07:22:49,209 [INFO] PluginManager:220 - loadIPPluginJar : add aes
2023-08-12 07:22:49,210 [INFO] IPUIPlugin:80 - create IPUIPlugin
2023-08-12 07:22:49,210 [INFO] PluginManager:220 - loadIPPluginJar : add can
2023-08-12 07:22:49,211 [INFO] IPUIPlugin:80 - create IPUIPlugin
2023-08-12 07:22:49,211 [INFO] PluginManager:220 - loadIPPluginJar : add comp
2023-08-12 07:22:49,213 [INFO] IPUIPlugin:80 - create IPUIPlugin
2023-08-12 07:22:49,213 [INFO] PluginManager:220 - loadIPPluginJar : add cryp
2023-08-12 07:22:49,214 [INFO] IPUIPlugin:80 - create IPUIPlugin
2023-08-12 07:22:49,214 [INFO] PluginManager:220 - loadIPPluginJar : add dfsdm
2023-08-12 07:22:49,218 [INFO] IPUIPlugin:80 - create IPUIPlugin
2023-08-12 07:22:49,218 [INFO] PluginManager:220 - loadIPPluginJar : add dma
2023-08-12 07:22:49,220 [INFO] IPUIPlugin:80 - create IPUIPlugin
2023-08-12 07:22:49,220 [INFO] PluginManager:220 - loadIPPluginJar : add dma3
2023-08-12 07:22:49,221 [INFO] IPUIPlugin:80 - create IPUIPlugin
2023-08-12 07:22:49,221 [INFO] PluginManager:220 - loadIPPluginJar : add fatfs
2023-08-12 07:22:49,224 [INFO] IPUIPlugin:80 - create IPUIPlugin
2023-08-12 07:22:49,224 [INFO] PluginManager:220 - loadIPPluginJar : add fmc
2023-08-12 07:22:49,228 [INFO] IPUIPlugin:80 - create IPUIPlugin
2023-08-12 07:22:49,228 [INFO] PluginManager:220 - loadIPPluginJar : add freertos
2023-08-12 07:22:49,229 [INFO] IPUIPlugin:80 - create IPUIPlugin
2023-08-12 07:22:49,229 [INFO] PluginManager:220 - loadIPPluginJar : add genericplugin
2023-08-12 07:22:49,230 [INFO] IPUIPlugin:80 - create IPUIPlugin
2023-08-12 07:22:49,230 [INFO] PluginManager:220 - loadIPPluginJar : add gfxmmu
2023-08-12 07:22:49,233 [INFO] IPUIPlugin:80 - create IPUIPlugin
2023-08-12 07:22:49,234 [INFO] PluginManager:220 - loadIPPluginJar : add gic
2023-08-12 07:22:49,236 [INFO] IPUIPlugin:80 - create IPUIPlugin
2023-08-12 07:22:49,236 [INFO] PluginManager:220 - loadIPPluginJar : add gpio
2023-08-12 07:22:49,238 [INFO] IPUIPlugin:80 - create IPUIPlugin
2023-08-12 07:22:49,238 [INFO] PluginManager:220 - loadIPPluginJar : add gtzc
2023-08-12 07:22:49,239 [INFO] IPUIPlugin:80 - create IPUIPlugin
2023-08-12 07:22:49,240 [INFO] PluginManager:220 - loadIPPluginJar : add hash
2023-08-12 07:22:49,241 [INFO] IPUIPlugin:80 - create IPUIPlugin
2023-08-12 07:22:49,241 [INFO] PluginManager:220 - loadIPPluginJar : add i2c
2023-08-12 07:22:49,243 [INFO] IPUIPlugin:80 - create IPUIPlugin
2023-08-12 07:22:49,243 [INFO] PluginManager:220 - loadIPPluginJar : add i2s
2023-08-12 07:22:49,244 [INFO] IPUIPlugin:80 - create IPUIPlugin
2023-08-12 07:22:49,244 [INFO] PluginManager:220 - loadIPPluginJar : add i3c
2023-08-12 07:22:49,246 [INFO] IPUIPlugin:80 - create IPUIPlugin
2023-08-12 07:22:49,247 [INFO] PluginManager:220 - loadIPPluginJar : add ipddr
2023-08-12 07:22:49,252 [INFO] IPUIPlugin:80 - create IPUIPlugin
2023-08-12 07:22:49,252 [INFO] PluginManager:220 - loadIPPluginJar : add linkedlist
2023-08-12 07:22:49,253 [INFO] IPUIPlugin:80 - create IPUIPlugin
2023-08-12 07:22:49,253 [INFO] PluginManager:220 - loadIPPluginJar : add lorawan
2023-08-12 07:22:49,255 [INFO] IPUIPlugin:80 - create IPUIPlugin
2023-08-12 07:22:49,255 [INFO] PluginManager:220 - loadIPPluginJar : add ltdc
2023-08-12 07:22:49,258 [INFO] IPUIPlugin:80 - create IPUIPlugin
2023-08-12 07:22:49,259 [INFO] PluginManager:220 - loadIPPluginJar : add mdma
2023-08-12 07:22:49,261 [INFO] IPUIPlugin:80 - create IPUIPlugin
2023-08-12 07:22:49,261 [INFO] PluginManager:220 - loadIPPluginJar : add nvic
2023-08-12 07:22:49,263 [INFO] IPUIPlugin:80 - create IPUIPlugin
2023-08-12 07:22:49,263 [INFO] PluginManager:220 - loadIPPluginJar : add opamp
2023-08-12 07:22:49,264 [INFO] IPUIPlugin:80 - create IPUIPlugin
2023-08-12 07:22:49,265 [INFO] PluginManager:220 - loadIPPluginJar : add openamp
2023-08-12 07:22:49,267 [INFO] IPUIPlugin:80 - create IPUIPlugin
2023-08-12 07:22:49,267 [INFO] PluginManager:220 - loadIPPluginJar : add pdm2pcm
2023-08-12 07:22:49,271 [INFO] IPUIPlugin:80 - create IPUIPlugin
2023-08-12 07:22:49,272 [INFO] PluginManager:220 - loadIPPluginJar : add plateformsettings
2023-08-12 07:22:49,273 [INFO] IPUIPlugin:80 - create IPUIPlugin
2023-08-12 07:22:49,273 [INFO] PluginManager:220 - loadIPPluginJar : add quadspi
2023-08-12 07:22:49,276 [INFO] IPUIPlugin:80 - create IPUIPlugin
2023-08-12 07:22:49,276 [INFO] PluginManager:220 - loadIPPluginJar : add resmgrutility
2023-08-12 07:22:49,278 [INFO] IPUIPlugin:80 - create IPUIPlugin
2023-08-12 07:22:49,278 [INFO] PluginManager:220 - loadIPPluginJar : add sai
2023-08-12 07:22:49,280 [INFO] IPUIPlugin:80 - create IPUIPlugin
2023-08-12 07:22:49,280 [INFO] PluginManager:220 - loadIPPluginJar : add spi
2023-08-12 07:22:49,283 [INFO] IPUIPlugin:80 - create IPUIPlugin
2023-08-12 07:22:49,283 [INFO] PluginManager:220 - loadIPPluginJar : add stm32_wpan
2023-08-12 07:22:49,284 [INFO] IPUIPlugin:80 - create IPUIPlugin
2023-08-12 07:22:49,284 [INFO] PluginManager:220 - loadIPPluginJar : add tim
2023-08-12 07:22:49,286 [INFO] IPUIPlugin:80 - create IPUIPlugin
2023-08-12 07:22:49,286 [INFO] PluginManager:220 - loadIPPluginJar : add touchsensing
2023-08-12 07:22:49,287 [INFO] IPUIPlugin:80 - create IPUIPlugin
2023-08-12 07:22:49,288 [INFO] PluginManager:220 - loadIPPluginJar : add tracer_emb
2023-08-12 07:22:49,289 [INFO] IPUIPlugin:80 - create IPUIPlugin
2023-08-12 07:22:49,289 [INFO] PluginManager:220 - loadIPPluginJar : add ts
2023-08-12 07:22:49,290 [INFO] IPUIPlugin:80 - create IPUIPlugin
2023-08-12 07:22:49,290 [INFO] PluginManager:220 - loadIPPluginJar : add tsc
2023-08-12 07:22:49,291 [INFO] IPUIPlugin:80 - create IPUIPlugin
2023-08-12 07:22:49,291 [INFO] PluginManager:220 - loadIPPluginJar : add ucpd
2023-08-12 07:22:49,293 [INFO] IPUIPlugin:80 - create IPUIPlugin
2023-08-12 07:22:49,293 [INFO] PluginManager:220 - loadIPPluginJar : add usart
2023-08-12 07:22:49,294 [INFO] IPUIPlugin:80 - create IPUIPlugin
2023-08-12 07:22:49,294 [INFO] PluginManager:220 - loadIPPluginJar : add usbx
2023-08-12 07:22:49,403 [INFO] CADModel:165 - CPN selected for project level
2023-08-12 07:22:49,403 [INFO] CADModel:114 - Register for checkConnection events
2023-08-12 07:22:49,403 [FATAL] Updater:308 - Updater called before beeing initialized
2023-08-12 07:22:49,403 [ERROR] CADModel:125 - Updater not yet initialized, retry later 
2023-08-12 07:22:49,518 [INFO] CADModel:165 - CPN selected for project level
2023-08-12 07:22:49,518 [INFO] CADModel:114 - Register for checkConnection events
2023-08-12 07:22:49,518 [FATAL] Updater:308 - Updater called before beeing initialized
2023-08-12 07:22:49,518 [ERROR] CADModel:125 - Updater not yet initialized, retry later 
2023-08-12 07:22:49,521 [FATAL] Updater:308 - Updater called before beeing initialized
2023-08-12 07:22:49,601 [FATAL] Updater:308 - Updater called before beeing initialized
2023-08-12 07:22:49,606 [INFO] DbMcusAds:53 - JSON generation date=Tue Mar 07 09:50:55 CET 2023 (1678179055114)
2023-08-12 07:22:49,606 [FATAL] Updater:308 - Updater called before beeing initialized
2023-08-12 07:22:49,639 [WARN] DetailPanel:346 - Failed to get advertising image, set to default
2023-08-12 07:22:49,719 [FATAL] Updater:308 - Updater called before beeing initialized
2023-08-12 07:22:49,721 [FATAL] Updater:308 - Updater called before beeing initialized
2023-08-12 07:22:49,721 [FATAL] Updater:308 - Updater called before beeing initialized
2023-08-12 07:22:49,721 [WARN] DetailPanel:346 - Failed to get advertising image, set to default
2023-08-12 07:22:49,721 [FATAL] Updater:308 - Updater called before beeing initialized
2023-08-12 07:22:49,756 [ERROR] Updater:1120 - MainUpdater not yet initialized. External WinMGr cannot be set.
2023-08-12 07:22:49,757 [INFO] Updater:1056 - Updater Version found : 6.9.1
2023-08-12 07:22:49,772 [INFO] ApplicationProperties:184 - Using Application install path: C:\STM32\STM32CubeIDE\STM32CubeIDE\plugins\com.st.stm32cube.common.mx_6.9.1.202307191849
2023-08-12 07:22:50,281 [INFO] MainUpdater:2868 - connection check result : 10
2023-08-12 07:22:50,282 [INFO] MainUpdater:285 - Updater Check For Update Now.
2023-08-12 07:22:50,282 [INFO] MicroXplorer:498 - Change Database Version : DB.6.0.91
2023-08-12 07:22:50,287 [INFO] McuFinderGlobals:63 - Set McuFinder mode to 2 (CubeIDE integrated)
2023-08-12 07:22:50,444 [INFO] CheckServerUpdateThread:120 - End of CheckServer Thread
2023-08-12 07:22:51,920 [WARN] PackLoader:240 - Cannot read IP mode file for STMicroelectronics.X-CUBE-SMBUS.2.1.0
2023-08-12 07:22:51,948 [WARN] PackLoader:240 - Cannot read IP mode file for STMicroelectronics.X-CUBE-AZRTOS-F7.1.1.0
2023-08-12 07:22:51,957 [WARN] PackLoader:240 - Cannot read IP mode file for STMicroelectronics.FP-SNS-MOTENV1.4.3.2
2023-08-12 07:22:51,965 [WARN] PackLoader:240 - Cannot read IP mode file for STMicroelectronics.X-CUBE-BLE1.6.2.4
2023-08-12 07:22:51,969 [WARN] PackLoader:240 - Cannot read IP mode file for STMicroelectronics.FP-SNS-FLIGHT1.5.0.2
2023-08-12 07:22:51,977 [WARN] PackLoader:240 - Cannot read IP mode file for STMicroelectronics.X-CUBE-DISPLAY.3.0.0
2023-08-12 07:22:52,060 [WARN] PackLoader:240 - Cannot read IP mode file for emotas.I-CUBE-CANOPEN.1.3.0
2023-08-12 07:22:52,064 [WARN] PackLoader:240 - Cannot read IP mode file for STMicroelectronics.X-CUBE-TOUCHGFX.4.22.0
2023-08-12 07:22:52,102 [WARN] PackLoader:240 - Cannot read IP mode file for STMicroelectronics.X-CUBE-MEMS1.9.3.0
2023-08-12 07:22:52,330 [INFO] LogOutputStream:77 - [STDOUT_REDIRECT] 1 : Invalid condition id : UX_CORESTACK_Condition cause : null
2023-08-12 07:22:52,331 [INFO] LogOutputStream:77 - [STDOUT_REDIRECT] 1 : Invalid condition id : UX_CORESTACK_Condition cause : null
2023-08-12 07:22:52,332 [INFO] LogOutputStream:77 - [STDOUT_REDIRECT] 1 : Invalid condition id : UX_CORESTACK_Condition cause : null
2023-08-12 07:22:52,333 [INFO] LogOutputStream:77 - [STDOUT_REDIRECT] 1 : Invalid condition id : UX_CORESTACK_Condition cause : null
2023-08-12 07:22:52,334 [INFO] LogOutputStream:77 - [STDOUT_REDIRECT] 1 : Invalid condition id : UX_CORESTACK_Condition cause : null
2023-08-12 07:22:52,335 [WARN] PackLoader:240 - Cannot read IP mode file for STMicroelectronics.X-CUBE-AZRTOS-WL.2.0.0
2023-08-12 07:22:52,341 [WARN] PackLoader:240 - Cannot read IP mode file for WES.I-CUBE-Cesium.1.3.0
2023-08-12 07:22:52,344 [WARN] PackLoader:240 - Cannot read IP mode file for STMicroelectronics.X-CUBE-BLE2.3.3.0
2023-08-12 07:22:52,348 [WARN] PackLoader:240 - Cannot read IP mode file for STMicroelectronics.X-CUBE-DISPLAY.2.2.0
2023-08-12 07:22:52,402 [WARN] PackLoader:240 - Cannot read IP mode file for STMicroelectronics.X-CUBE-MEMS1.9.4.0
2023-08-12 07:22:52,535 [WARN] PackLoader:240 - Cannot read IP mode file for STMicroelectronics.X-CUBE-ALGOBUILD.1.3.0
2023-08-12 07:22:52,544 [WARN] PackLoader:240 - Cannot read IP mode file for STMicroelectronics.X-CUBE-AZRTOS-G0.1.1.0
2023-08-12 07:22:52,549 [WARN] PackLoader:240 - Cannot read IP mode file for STMicroelectronics.X-CUBE-NFC4.3.0.0
2023-08-12 07:22:52,552 [WARN] PackLoader:240 - Cannot read IP mode file for STMicroelectronics.FP-ATR-SIGFOX1.3.2.0
2023-08-12 07:22:52,583 [WARN] PackLoader:240 - Cannot read IP mode file for STMicroelectronics.X-CUBE-MEMS1.9.5.0
2023-08-12 07:22:52,733 [WARN] PackLoader:240 - Cannot read IP mode file for SEGGER.I-CUBE-embOS.1.3.1
2023-08-12 07:22:52,762 [WARN] PackLoader:240 - Cannot read IP mode file for STMicroelectronics.X-CUBE-GNSS1.6.0.0
2023-08-12 07:22:52,772 [WARN] PackLoader:240 - Cannot read IP mode file for STMicroelectronics.X-CUBE-AZRTOS-F4.1.1.0
2023-08-12 07:22:52,776 [WARN] PackLoader:240 - Cannot read IP mode file for wolfSSL.I-CUBE-wolfSSL.5.6.3
2023-08-12 07:22:52,786 [WARN] PackLoader:240 - Cannot read IP mode file for STMicroelectronics.X-CUBE-AZRTOS-L5.2.0.0
2023-08-12 07:22:52,810 [WARN] PackLoader:240 - Cannot read IP mode file for STMicroelectronics.X-CUBE-MEMS1.9.6.0
2023-08-12 07:22:52,976 [WARN] PackLoader:240 - Cannot read IP mode file for STMicroelectronics.X-CUBE-BLEMGR.2.0.0
2023-08-12 07:22:52,988 [WARN] ConditionMgr:438 - getConditionDescription Invalid condition id : UX DEVICE CLASS RTOS Condition cause : null
2023-08-12 07:22:52,988 [WARN] ConditionMgr:438 - getConditionDescription Invalid condition id : UX DEVICE CLASS RTOS Condition cause : null
2023-08-12 07:22:52,990 [WARN] PackLoader:240 - Cannot read IP mode file for STMicroelectronics.X-CUBE-AZRTOS-H7.3.1.0
2023-08-12 07:22:52,991 [WARN] ConditionMgr:1039 - genDependencies : Invalid condition id : UX DEVICE CLASS RTOS Condition cause : null
2023-08-12 07:22:52,991 [WARN] ConditionMgr:1039 - genDependencies : Invalid condition id : UX DEVICE CLASS RTOS Condition cause : null
2023-08-12 07:22:52,991 [WARN] ConditionMgr:1039 - genDependencies : Invalid condition id : UX DEVICE CLASS RTOS Condition cause : null
2023-08-12 07:22:52,992 [WARN] ConditionMgr:1039 - genDependencies : Invalid condition id : UX DEVICE CLASS RTOS Condition cause : null
2023-08-12 07:22:52,992 [WARN] ConditionMgr:1039 - genDependencies : Invalid condition id : UX DEVICE CLASS RTOS Condition cause : null
2023-08-12 07:22:52,995 [WARN] PackLoader:240 - Cannot read IP mode file for STMicroelectronics.X-CUBE-NFC7.1.0.1
2023-08-12 07:22:52,998 [WARN] PackLoader:240 - Cannot read IP mode file for STMicroelectronics.X-CUBE-EEPRMA1.4.1.0
2023-08-12 07:22:53,001 [WARN] PackLoader:240 - Cannot read IP mode file for STMicroelectronics.X-CUBE-AI.8.1.0
2023-08-12 07:22:53,011 [WARN] ConditionMgr:438 - getConditionDescription Invalid condition id : LAN8742 Phy interface Condition cause : null
2023-08-12 07:22:53,011 [WARN] PackLoader:240 - Cannot read IP mode file for STMicroelectronics.X-CUBE-AZRTOS-L4.2.0.0
2023-08-12 07:22:53,012 [WARN] ConditionMgr:1039 - genDependencies : Invalid condition id : LAN8742 Phy interface Condition cause : null
2023-08-12 07:22:53,012 [WARN] ConditionMgr:1039 - genDependencies : Invalid condition id : LAN8742 Phy interface Condition cause : null
2023-08-12 07:22:53,012 [WARN] ConditionMgr:1039 - genDependencies : Invalid condition id : LAN8742 Phy interface Condition cause : null
2023-08-12 07:22:53,017 [WARN] PackLoader:240 - Cannot read IP mode file for STMicroelectronics.X-CUBE-SFXS2LP1.4.0.0
2023-08-12 07:22:53,020 [WARN] PackLoader:240 - Cannot read IP mode file for STMicroelectronics.X-CUBE-ISPU.1.1.0
2023-08-12 07:22:53,030 [WARN] ConditionMgr:438 - getConditionDescription Invalid condition id : UX DEVICE CLASS RTOS Condition cause : null
2023-08-12 07:22:53,030 [WARN] ConditionMgr:438 - getConditionDescription Invalid condition id : UX DEVICE CLASS RTOS Condition cause : null
2023-08-12 07:22:53,031 [WARN] PackLoader:240 - Cannot read IP mode file for STMicroelectronics.X-CUBE-AZRTOS-WB.2.0.0
2023-08-12 07:22:53,032 [WARN] ConditionMgr:1039 - genDependencies : Invalid condition id : UX DEVICE CLASS RTOS Condition cause : null
2023-08-12 07:22:53,032 [WARN] ConditionMgr:1039 - genDependencies : Invalid condition id : UX DEVICE CLASS RTOS Condition cause : null
2023-08-12 07:22:53,032 [WARN] ConditionMgr:1039 - genDependencies : Invalid condition id : UX DEVICE CLASS RTOS Condition cause : null
2023-08-12 07:22:53,032 [WARN] ConditionMgr:1039 - genDependencies : Invalid condition id : UX DEVICE CLASS RTOS Condition cause : null
2023-08-12 07:22:53,032 [WARN] ConditionMgr:1039 - genDependencies : Invalid condition id : UX DEVICE CLASS RTOS Condition cause : null
2023-08-12 07:22:53,035 [WARN] PackLoader:240 - Cannot read IP mode file for STMicroelectronics.X-CUBE-FREERTOS.1.0.1
2023-08-12 07:22:53,045 [WARN] PackLoader:240 - Cannot read IP mode file for STMicroelectronics.X-CUBE-AZRTOS-L5.1.1.0
2023-08-12 07:22:53,049 [WARN] PackLoader:240 - Cannot read IP mode file for STMicroelectronics.X-CUBE-AI.8.0.1
2023-08-12 07:22:53,054 [WARN] PackLoader:240 - Cannot read IP mode file for STMicroelectronics.X-CUBE-SUBG2.5.0.0
2023-08-12 07:22:53,062 [WARN] PackLoader:240 - Cannot read IP mode file for STMicroelectronics.X-CUBE-TOF1.3.3.1
2023-08-12 07:22:53,073 [WARN] PackLoader:240 - Cannot read IP mode file for STMicroelectronics.X-CUBE-AZRTOS-G4.2.0.0
2023-08-12 07:22:53,077 [WARN] PackLoader:240 - Cannot read IP mode file for portGmbH.I-Cube-SoM-uGOAL.1.1.0
2023-08-12 07:22:53,080 [WARN] PackLoader:240 - Cannot read IP mode file for STMicroelectronics.X-CUBE-ALS.1.0.1
2023-08-12 07:22:53,087 [WARN] PackLoader:240 - Cannot read IP mode file for STMicroelectronics.X-CUBE-AZRTOS-WB.1.1.0
2023-08-12 07:22:53,090 [WARN] PackLoader:240 - Cannot read IP mode file for STMicroelectronics.FP-ATR-ASTRA1.2.0.0
2023-08-12 07:22:53,091 [INFO] ThirdParty:978 - Integrity check success = true
2023-08-12 07:22:53,091 [INFO] IntegrityCheckThread:100 - exiting critical section [integrity check]
2023-08-12 07:22:53,091 [INFO] IntegrityCheckThread:103 - End integrity checks thread
