2023-08-12 00:14:45,875 [INFO] NvicIntPanel:101 - NVIC parent = com.st.microxplorer.plugins.ip.nvic.MultiNvicIntPanel[,0,0,0x0,invalid,layout=javax.swing.BoxLayout,alignmentX=0.0,alignmentY=0.0,border=,flags=9,maximumSize=,minimumSize=,preferredSize=]
2023-08-12 00:16:06,358 [INFO] UtilMem:75 - End SaveConfig() Used Memory: 380245648 Bytes (909115392)
2023-08-12 00:16:06,433 [INFO] UtilMem:75 - End SaveConfig() Used Memory: 413800080 Bytes (909115392)
2023-08-12 00:16:06,842 [INFO] UtilMem:75 - End SaveConfig() Used Memory: 489297552 Bytes (909115392)
2023-08-12 00:16:07,016 [INFO] BlockDiagram:2759 - set Specific Code input for plugin: SYS
2023-08-12 00:16:07,016 [INFO] BlockDiagram:2759 - set Specific Code input for plugin: RCC
2023-08-12 00:16:07,016 [INFO] BlockDiagram:2759 - set Specific Code input for plugin: NVIC
2023-08-12 00:16:07,016 [INFO] BlockDiagram:2759 - set Specific Code input for plugin: FMC
2023-08-12 00:16:07,017 [INFO] BlockDiagram:2759 - set Specific Code input for plugin: GPIO
2023-08-12 00:16:07,017 [INFO] CodeGenerator:799 - code generatio: config db path: C:\STM32\STM32CubeIDE\STM32CubeIDE\plugins\com.st.stm32cube.common.mx_6.9.1.202307191849\\db\
2023-08-12 00:16:07,106 [INFO] CodeEngine:255 - oldGeneratedFile, D:\__GitHub\nucleoF439\STM32CubeIDE\020_SDRAM_MT48LC16M16A2-75\MXTmpFiles\license.tmp_save
2023-08-12 00:16:07,169 [INFO] CodeEngine:279 - Generated code: D:\__GitHub\nucleoF439\STM32CubeIDE\020_SDRAM_MT48LC16M16A2-75\MXTmpFiles\license.tmp
2023-08-12 00:16:07,189 [INFO] CodeEngine:255 - oldGeneratedFile, D:\__GitHub\nucleoF439\STM32CubeIDE\020_SDRAM_MT48LC16M16A2-75\MXTmpFiles\gpio.tmp_save
2023-08-12 00:16:07,258 [INFO] CodeEngine:279 - Generated code: D:\__GitHub\nucleoF439\STM32CubeIDE\020_SDRAM_MT48LC16M16A2-75\MXTmpFiles\gpio.tmp
2023-08-12 00:16:07,308 [INFO] CodeEngine:255 - oldGeneratedFile, D:\__GitHub\nucleoF439\STM32CubeIDE\020_SDRAM_MT48LC16M16A2-75\MXTmpFiles\mx_fmc_HC.tmp_save
2023-08-12 00:16:07,394 [INFO] CodeEngine:279 - Generated code: D:\__GitHub\nucleoF439\STM32CubeIDE\020_SDRAM_MT48LC16M16A2-75\MXTmpFiles\mx_fmc_HC.tmp
2023-08-12 00:16:07,396 [INFO] CodeEngine:255 - oldGeneratedFile, D:\__GitHub\nucleoF439\STM32CubeIDE\020_SDRAM_MT48LC16M16A2-75\MXTmpFiles\mx_fmc_GV.tmp_save
2023-08-12 00:16:07,442 [INFO] CodeEngine:279 - Generated code: D:\__GitHub\nucleoF439\STM32CubeIDE\020_SDRAM_MT48LC16M16A2-75\MXTmpFiles\mx_fmc_GV.tmp
2023-08-12 00:16:07,443 [INFO] CodeEngine:255 - oldGeneratedFile, D:\__GitHub\nucleoF439\STM32CubeIDE\020_SDRAM_MT48LC16M16A2-75\MXTmpFiles\mx_fmc_MSP.tmp_save
2023-08-12 00:16:07,507 [INFO] CodeEngine:279 - Generated code: D:\__GitHub\nucleoF439\STM32CubeIDE\020_SDRAM_MT48LC16M16A2-75\MXTmpFiles\mx_fmc_MSP.tmp
2023-08-12 00:16:07,519 [INFO] CodeEngine:255 - oldGeneratedFile, D:\__GitHub\nucleoF439\STM32CubeIDE\020_SDRAM_MT48LC16M16A2-75\Core\Src\stm32f4xx_it.c_save
2023-08-12 00:16:07,653 [INFO] CodeEngine:279 - Generated code: D:\__GitHub\nucleoF439\STM32CubeIDE\020_SDRAM_MT48LC16M16A2-75\Core\Src\stm32f4xx_it.c
2023-08-12 00:16:07,655 [INFO] CodeEngine:255 - oldGeneratedFile, D:\__GitHub\nucleoF439\STM32CubeIDE\020_SDRAM_MT48LC16M16A2-75\Core\Inc\stm32f4xx_it.h_save
2023-08-12 00:16:07,702 [INFO] CodeEngine:279 - Generated code: D:\__GitHub\nucleoF439\STM32CubeIDE\020_SDRAM_MT48LC16M16A2-75\Core\Inc\stm32f4xx_it.h
2023-08-12 00:16:07,716 [INFO] CodeEngine:255 - oldGeneratedFile, D:\__GitHub\nucleoF439\STM32CubeIDE\020_SDRAM_MT48LC16M16A2-75\MXTmpFiles\mx_fmc_HC.tmp_save
2023-08-12 00:16:07,769 [INFO] CodeEngine:279 - Generated code: D:\__GitHub\nucleoF439\STM32CubeIDE\020_SDRAM_MT48LC16M16A2-75\MXTmpFiles\mx_fmc_HC.tmp
2023-08-12 00:16:07,771 [INFO] CodeEngine:255 - oldGeneratedFile, D:\__GitHub\nucleoF439\STM32CubeIDE\020_SDRAM_MT48LC16M16A2-75\MXTmpFiles\mx_fmc_GV.tmp_save
2023-08-12 00:16:07,816 [INFO] CodeEngine:279 - Generated code: D:\__GitHub\nucleoF439\STM32CubeIDE\020_SDRAM_MT48LC16M16A2-75\MXTmpFiles\mx_fmc_GV.tmp
2023-08-12 00:16:07,829 [INFO] CodeEngine:255 - oldGeneratedFile, D:\__GitHub\nucleoF439\STM32CubeIDE\020_SDRAM_MT48LC16M16A2-75\MXTmpFiles\mx_fmc_MSP.tmp_save
2023-08-12 00:16:07,883 [INFO] CodeEngine:279 - Generated code: D:\__GitHub\nucleoF439\STM32CubeIDE\020_SDRAM_MT48LC16M16A2-75\MXTmpFiles\mx_fmc_MSP.tmp
2023-08-12 00:16:07,894 [INFO] CodeEngine:255 - oldGeneratedFile, D:\__GitHub\nucleoF439\STM32CubeIDE\020_SDRAM_MT48LC16M16A2-75\Core\Src\stm32f4xx_hal_msp.c_save
2023-08-12 00:16:07,978 [INFO] CodeEngine:279 - Generated code: D:\__GitHub\nucleoF439\STM32CubeIDE\020_SDRAM_MT48LC16M16A2-75\Core\Src\stm32f4xx_hal_msp.c
2023-08-12 00:16:07,979 [INFO] CodeEngine:255 - oldGeneratedFile, D:\__GitHub\nucleoF439\STM32CubeIDE\020_SDRAM_MT48LC16M16A2-75\MXTmpFiles\system.tmp_save
2023-08-12 00:16:08,026 [INFO] CodeEngine:279 - Generated code: D:\__GitHub\nucleoF439\STM32CubeIDE\020_SDRAM_MT48LC16M16A2-75\MXTmpFiles\system.tmp
2023-08-12 00:16:08,035 [INFO] CodeEngine:311 - oldGeneratedFile, D:\__GitHub\nucleoF439\STM32CubeIDE\020_SDRAM_MT48LC16M16A2-75\Core\Inc\stm32f4xx_hal_conf.h_save
2023-08-12 00:16:08,112 [INFO] CodeEngine:335 - Generated code: D:\__GitHub\nucleoF439\STM32CubeIDE\020_SDRAM_MT48LC16M16A2-75\Core\Inc\stm32f4xx_hal_conf.h
2023-08-12 00:16:08,138 [INFO] CodeEngine:255 - oldGeneratedFile, D:\__GitHub\nucleoF439\STM32CubeIDE\020_SDRAM_MT48LC16M16A2-75\Core\Inc\main.h_save
2023-08-12 00:16:08,210 [INFO] CodeEngine:279 - Generated code: D:\__GitHub\nucleoF439\STM32CubeIDE\020_SDRAM_MT48LC16M16A2-75\Core\Inc\main.h
2023-08-12 00:16:08,219 [INFO] CodeEngine:255 - oldGeneratedFile, D:\__GitHub\nucleoF439\STM32CubeIDE\020_SDRAM_MT48LC16M16A2-75\Core\Src\main.c_save
2023-08-12 00:16:08,305 [INFO] CodeEngine:279 - Generated code: D:\__GitHub\nucleoF439\STM32CubeIDE\020_SDRAM_MT48LC16M16A2-75\Core\Src\main.c
2023-08-12 00:16:08,673 [INFO] ProjectBuilder:3064 - Time for Copy HAL[1] : 46mS.
2023-08-12 00:16:08,675 [INFO] ProjectBuilder:4404 - Project Generator version: 4.1.0
2023-08-12 00:16:08,853 [INFO] ConfigFileManager:1457 - The Die is : DIE419
2023-08-12 00:16:09,643 [INFO] ProjectBuilder:4626 - Time for Generating toolchain IDE Files: 968mS.
2023-08-12 00:16:09,643 [INFO] ProjectBuilder:2935 - Time for Copy CMSIS : 0mS.
2023-08-12 00:16:09,644 [INFO] ProjectBuilder:2935 - Time for Copy CMSIS : 0mS.
